  Collatz Password Manager.cpp
  The contents of <any> are available only with C++17 or later.
  decryption.cpp
  The contents of <any> are available only with C++17 or later.
  HashTable.cpp
  The contents of <any> are available only with C++17 or later.
  StrengthTest.cpp
  The contents of <any> are available only with C++17 or later.
D:\210029394 R.Shan coursework final edition\Coursework (1)\Coursework\210029394 coursework\210029394 coursework\StrengthTest.cpp(13,12): warning C4244: “参数”: 从“time_t”转换到“unsigned int”，可能丢失数据
D:\210029394 R.Shan coursework final edition\Coursework (1)\Coursework\210029394 coursework\210029394 coursework\StrengthTest.cpp(272,36): warning C4267: “=”: 从“size_t”转换到“int”，可能丢失数据
D:\210029394 R.Shan coursework final edition\Coursework (1)\Coursework\210029394 coursework\210029394 coursework\StrengthTest.cpp(276,56): warning C4267: “=”: 从“size_t”转换到“int”，可能丢失数据
  User.cpp
  The contents of <any> are available only with C++17 or later.
  正在生成代码
  Previous IPDB not found, fall back to full compilation.
D:\210029394 R.Shan coursework final edition\Coursework (1)\Coursework\210029394 coursework\210029394 coursework\HashTable.cpp(46): warning C4715: “HashTable::Decryption_by_HashTable”: 不是所有的控件路径都返回值
D:\210029394 R.Shan coursework final edition\Coursework (1)\Coursework\210029394 coursework\210029394 coursework\User.cpp(125): warning C4715: “User::Authenticating”: 不是所有的控件路径都返回值
D:\210029394 R.Shan coursework final edition\Coursework (1)\Coursework\210029394 coursework\210029394 coursework\Collatz Password Manager.cpp(202): warning C4715: “menu”: 不是所有的控件路径都返回值
  All 806 functions were compiled because no usable IPDB/IOBJ from previous compilation was found.
  已完成代码的生成
  210029394 coursework.vcxproj -> D:\210029394 R.Shan coursework final edition\Coursework (1)\Coursework\210029394 coursework\x64\Release\210029394 coursework.exe
